[ 2015-11-12T00:19:21+08:00 ] 66.249.79.166 /
INFO: [ app_begin ] --START--
INFO: Run ReadHtmlCache Behavior [ RunTime:0.265625s ]
INFO: [ app_begin ] --END-- [ RunTime:0.328125s ]
NOTIC: [8] Undefined index: wx.eake.cnnomsite D:\wwwroot\wxeakecn\wwwroot\PigCms\Lib\Action\BaseAction.class.php ç¬¬ 43 è¡Œ.
NOTIC: [8] Undefined index: wx.eake.cn D:\wwwroot\wxeakecn\wwwroot\PigCms\Lib\Action\BaseAction.class.php ç¬¬ 419 è¡Œ.
NOTIC: [8] Constant STATICS already defined D:\wwwroot\wxeakecn\wwwroot\PigCms\Lib\Action\BaseAction.class.php ç¬¬ 158 è¡Œ.
NOTIC: [2] Invalid argument supplied for foreach() D:\wwwroot\wxeakecn\wwwroot\PigCms\Lib\Action\Home\IndexAction.class.php ç¬¬ 53 è¡Œ.
NOTIC: [8] Undefined variable: type D:\wwwroot\wxeakecn\wwwroot\PigCms\Lib\Action\Home\IndexAction.class.php ç¬¬ 63 è¡Œ.
NOTIC: [8] Undefined index: showNotice D:\wwwroot\wxeakecn\wwwroot\PigCms\Lib\Action\Home\IndexAction.class.php ç¬¬ 77 è¡Œ.
INFO: [ view_template ] --START--
INFO: Run LocationTemplate Behavior [ RunTime:-6.609375s ]
INFO: [ view_template ] --END-- [ RunTime:0.406250s ]
INFO: [ view_parse ] --START--
NOTIC: [8] Use of undefined constant uid - assumed 'uid' D:\wwwroot\wxeakecn\wwwroot\Conf\logs\Cache\Home\e524f0d95c205d295147669ed06b7949.php ç¬¬ 54 è¡Œ.
NOTIC: [8] Undefined index: uid D:\wwwroot\wxeakecn\wwwroot\Conf\logs\Cache\Home\e524f0d95c205d295147669ed06b7949.php ç¬¬ 54 è¡Œ.
INFO: Run ParseTemplate Behavior [ RunTime:-7.015625s ]
INFO: [ view_parse ] --END-- [ RunTime:1.140625s ]
INFO: [ view_filter ] --START--
INFO: Run ContentReplace Behavior [ RunTime:-8.156250s ]
INFO: Run TokenBuild Behavior [ RunTime:-8.187500s ]
INFO: Run WriteHtmlCache Behavior [ RunTime:-8.546875s ]
INFO: Run ShowRuntime Behavior [ RunTime:-8.593750s ]
INFO: [ view_filter ] --END-- [ RunTime:0.453125s ]
NOTIC: [2] unlink(./Conf/logs/Temp/0/b/0bd072374c8be52c228aba5c508adedc.php): No such file or directory D:\wwwroot\wxeakecn\wwwroot\Lib\Driver\Cache\CacheFile.class.php ç¬¬ 176 è¡Œ.
NOTIC: [8] Undefined variable: word_array D:\wwwroot\wxeakecn\wwwroot\PigCms\Lib\ORG\Susceptible.class.php ç¬¬ 45 è¡Œ.
NOTIC: [8] Undefined variable: xing_array D:\wwwroot\wxeakecn\wwwroot\PigCms\Lib\ORG\Susceptible.class.php ç¬¬ 45 è¡Œ.
INFO: [ view_end ] --START--
INFO: Run ShowPageTrace Behavior [ RunTime:-9.906250s ]
INFO: [ view_end ] --END-- [ RunTime:0.046875s ]
INFO: [ app_end ] --START--
INFO: Run AccessCount Behavior [ RunTime:-9.953125s ]
INFO: [ app_end ] --END-- [ RunTime:0.078125s ]

[ 2015-11-12T01:50:16+08:00 ] 66.249.79.159 /
INFO: [ app_begin ] --START--
INFO: Run ReadHtmlCache Behavior [ RunTime:0.015625s ]
INFO: [ app_begin ] --END-- [ RunTime:0.015625s ]
NOTIC: [8] Undefined index: wx.eake.cnnomsite D:\wwwroot\wxeakecn\wwwroot\PigCms\Lib\Action\BaseAction.class.php ç¬¬ 43 è¡Œ.
NOTIC: [8] Undefined index: wx.eake.cn D:\wwwroot\wxeakecn\wwwroot\PigCms\Lib\Action\BaseAction.class.php ç¬¬ 419 è¡Œ.
NOTIC: [8] Constant STATICS already defined D:\wwwroot\wxeakecn\wwwroot\PigCms\Lib\Action\BaseAction.class.php ç¬¬ 158 è¡Œ.
NOTIC: [2] Invalid argument supplied for foreach() D:\wwwroot\wxeakecn\wwwroot\PigCms\Lib\Action\Home\IndexAction.class.php ç¬¬ 53 è¡Œ.
NOTIC: [8] Undefined variable: type D:\wwwroot\wxeakecn\wwwroot\PigCms\Lib\Action\Home\IndexAction.class.php ç¬¬ 63 è¡Œ.
NOTIC: [8] Undefined index: showNotice D:\wwwroot\wxeakecn\wwwroot\PigCms\Lib\Action\Home\IndexAction.class.php ç¬¬ 77 è¡Œ.
INFO: [ view_template ] --START--
INFO: Run LocationTemplate Behavior [ RunTime:-0.500000s ]
INFO: [ view_template ] --END-- [ RunTime:0.109375s ]
INFO: [ view_parse ] --START--
NOTIC: [8] Use of undefined constant uid - assumed 'uid' D:\wwwroot\wxeakecn\wwwroot\Conf\logs\Cache\Home\e524f0d95c205d295147669ed06b7949.php ç¬¬ 54 è¡Œ.
NOTIC: [8] Undefined index: uid D:\wwwroot\wxeakecn\wwwroot\Conf\logs\Cache\Home\e524f0d95c205d295147669ed06b7949.php ç¬¬ 54 è¡Œ.
INFO: Run ParseTemplate Behavior [ RunTime:-0.609375s ]
INFO: [ view_parse ] --END-- [ RunTime:0.125000s ]
INFO: [ view_filter ] --START--
INFO: Run ContentReplace Behavior [ RunTime:-0.734375s ]
INFO: Run TokenBuild Behavior [ RunTime:-0.750000s ]
INFO: Run WriteHtmlCache Behavior [ RunTime:-0.750000s ]
INFO: Run ShowRuntime Behavior [ RunTime:-0.750000s ]
INFO: [ view_filter ] --END-- [ RunTime:0.031250s ]
NOTIC: [2] unlink(./Conf/logs/Temp/0/b/0bd072374c8be52c228aba5c508adedc.php): No such file or directory D:\wwwroot\wxeakecn\wwwroot\Lib\Driver\Cache\CacheFile.class.php ç¬¬ 176 è¡Œ.
NOTIC: [8] Undefined variable: word_array D:\wwwroot\wxeakecn\wwwroot\PigCms\Lib\ORG\Susceptible.class.php ç¬¬ 45 è¡Œ.
NOTIC: [8] Undefined variable: xing_array D:\wwwroot\wxeakecn\wwwroot\PigCms\Lib\ORG\Susceptible.class.php ç¬¬ 45 è¡Œ.
INFO: [ view_end ] --START--
INFO: Run ShowPageTrace Behavior [ RunTime:-0.796875s ]
INFO: [ view_end ] --END-- [ RunTime:0.000000s ]
INFO: [ app_end ] --START--
INFO: Run AccessCount Behavior [ RunTime:-0.796875s ]
INFO: [ app_end ] --END-- [ RunTime:0.000000s ]

[ 2015-11-12T04:46:11+08:00 ] 66.249.79.152 /
INFO: [ app_begin ] --START--
INFO: Run ReadHtmlCache Behavior [ RunTime:0.000000s ]
INFO: [ app_begin ] --END-- [ RunTime:0.015625s ]
NOTIC: [8] Undefined index: wx.eake.cnnomsite D:\wwwroot\wxeakecn\wwwroot\PigCms\Lib\Action\BaseAction.class.php ç¬¬ 43 è¡Œ.
NOTIC: [8] Undefined index: wx.eake.cn D:\wwwroot\wxeakecn\wwwroot\PigCms\Lib\Action\BaseAction.class.php ç¬¬ 419 è¡Œ.
NOTIC: [8] Constant STATICS already defined D:\wwwroot\wxeakecn\wwwroot\PigCms\Lib\Action\BaseAction.class.php ç¬¬ 158 è¡Œ.
NOTIC: [2] Invalid argument supplied for foreach() D:\wwwroot\wxeakecn\wwwroot\PigCms\Lib\Action\Home\IndexAction.class.php ç¬¬ 53 è¡Œ.
NOTIC: [8] Undefined variable: type D:\wwwroot\wxeakecn\wwwroot\PigCms\Lib\Action\Home\IndexAction.class.php ç¬¬ 63 è¡Œ.
NOTIC: [8] Undefined index: showNotice D:\wwwroot\wxeakecn\wwwroot\PigCms\Lib\Action\Home\IndexAction.class.php ç¬¬ 77 è¡Œ.
INFO: [ view_template ] --START--
INFO: Run LocationTemplate Behavior [ RunTime:-0.500000s ]
INFO: [ view_template ] --END-- [ RunTime:0.031250s ]
INFO: [ view_parse ] --START--
NOTIC: [8] Use of undefined constant uid - assumed 'uid' D:\wwwroot\wxeakecn\wwwroot\Conf\logs\Cache\Home\e524f0d95c205d295147669ed06b7949.php ç¬¬ 54 è¡Œ.
NOTIC: [8] Undefined index: uid D:\wwwroot\wxeakecn\wwwroot\Conf\logs\Cache\Home\e524f0d95c205d295147669ed06b7949.php ç¬¬ 54 è¡Œ.
INFO: Run ParseTemplate Behavior [ RunTime:-0.531250s ]
INFO: [ view_parse ] --END-- [ RunTime:0.140625s ]
INFO: [ view_filter ] --START--
INFO: Run ContentReplace Behavior [ RunTime:-0.671875s ]
INFO: Run TokenBuild Behavior [ RunTime:-0.671875s ]
INFO: Run WriteHtmlCache Behavior [ RunTime:-0.671875s ]
INFO: Run ShowRuntime Behavior [ RunTime:-0.687500s ]
INFO: [ view_filter ] --END-- [ RunTime:0.031250s ]
NOTIC: [2] unlink(./Conf/logs/Temp/0/b/0bd072374c8be52c228aba5c508adedc.php): No such file or directory D:\wwwroot\wxeakecn\wwwroot\Lib\Driver\Cache\CacheFile.class.php ç¬¬ 176 è¡Œ.
NOTIC: [8] Undefined variable: word_array D:\wwwroot\wxeakecn\wwwroot\PigCms\Lib\ORG\Susceptible.class.php ç¬¬ 45 è¡Œ.
NOTIC: [8] Undefined variable: xing_array D:\wwwroot\wxeakecn\wwwroot\PigCms\Lib\ORG\Susceptible.class.php ç¬¬ 45 è¡Œ.
INFO: [ view_end ] --START--
INFO: Run ShowPageTrace Behavior [ RunTime:-0.796875s ]
INFO: [ view_end ] --END-- [ RunTime:0.000000s ]
INFO: [ app_end ] --START--
INFO: Run AccessCount Behavior [ RunTime:-0.796875s ]
INFO: [ app_end ] --END-- [ RunTime:0.000000s ]

[ 2015-11-12T05:49:36+08:00 ] 61.135.189.98 /index.php?g=Home&m=Index&a=navigation
INFO: [ app_begin ] --START--
INFO: Run ReadHtmlCache Behavior [ RunTime:0.015625s ]
INFO: [ app_begin ] --END-- [ RunTime:0.015625s ]
NOTIC: [8] Undefined index: wx.eake.cnnomsite D:\wwwroot\wxeakecn\wwwroot\PigCms\Lib\Action\BaseAction.class.php ç¬¬ 43 è¡Œ.
NOTIC: [8] Undefined index: wx.eake.cn D:\wwwroot\wxeakecn\wwwroot\PigCms\Lib\Action\BaseAction.class.php ç¬¬ 419 è¡Œ.
NOTIC: [8] Constant STATICS already defined D:\wwwroot\wxeakecn\wwwroot\PigCms\Lib\Action\BaseAction.class.php ç¬¬ 158 è¡Œ.
NOTIC: [2] Invalid argument supplied for foreach() D:\wwwroot\wxeakecn\wwwroot\PigCms\Lib\Action\Home\IndexAction.class.php ç¬¬ 53 è¡Œ.
NOTIC: [8] Undefined variable: type D:\wwwroot\wxeakecn\wwwroot\PigCms\Lib\Action\Home\IndexAction.class.php ç¬¬ 63 è¡Œ.
INFO: [ view_template ] --START--
INFO: Run LocationTemplate Behavior [ RunTime:-0.125000s ]
INFO: [ view_template ] --END-- [ RunTime:0.000000s ]
INFO: [ view_parse ] --START--
NOTIC: [8] Use of undefined constant uid - assumed 'uid' D:\wwwroot\wxeakecn\wwwroot\Conf\logs\Cache\Home\2442d567be6d7de91b47b79224b63b29.php ç¬¬ 54 è¡Œ.
NOTIC: [8] Undefined index: uid D:\wwwroot\wxeakecn\wwwroot\Conf\logs\Cache\Home\2442d567be6d7de91b47b79224b63b29.php ç¬¬ 54 è¡Œ.
INFO: Run ParseTemplate Behavior [ RunTime:-0.125000s ]
INFO: [ view_parse ] --END-- [ RunTime:0.078125s ]
INFO: [ view_filter ] --START--
INFO: Run ContentReplace Behavior [ RunTime:-0.203125s ]
INFO: Run TokenBuild Behavior [ RunTime:-0.203125s ]
INFO: Run WriteHtmlCache Behavior [ RunTime:-0.218750s ]
INFO: Run ShowRuntime Behavior [ RunTime:-0.218750s ]
INFO: [ view_filter ] --END-- [ RunTime:0.015625s ]
NOTIC: [2] unlink(./Conf/logs/Temp/0/b/0bd072374c8be52c228aba5c508adedc.php): No such file or directory D:\wwwroot\wxeakecn\wwwroot\Lib\Driver\Cache\CacheFile.class.php ç¬¬ 176 è¡Œ.
NOTIC: [8] Undefined variable: word_array D:\wwwroot\wxeakecn\wwwroot\PigCms\Lib\ORG\Susceptible.class.php ç¬¬ 45 è¡Œ.
NOTIC: [8] Undefined variable: xing_array D:\wwwroot\wxeakecn\wwwroot\PigCms\Lib\ORG\Susceptible.class.php ç¬¬ 45 è¡Œ.
INFO: [ view_end ] --START--
INFO: Run ShowPageTrace Behavior [ RunTime:-0.296875s ]
INFO: [ view_end ] --END-- [ RunTime:0.000000s ]
INFO: [ app_end ] --START--
INFO: Run AccessCount Behavior [ RunTime:-0.296875s ]
INFO: [ app_end ] --END-- [ RunTime:0.015625s ]

[ 2015-11-12T05:49:46+08:00 ] 61.135.189.98 /index.php?g=Home&m=Index&a=contact
INFO: [ app_begin ] --START--
INFO: Run ReadHtmlCache Behavior [ RunTime:0.000000s ]
INFO: [ app_begin ] --END-- [ RunTime:0.000000s ]
NOTIC: [8] Undefined index: wx.eake.cnnomsite D:\wwwroot\wxeakecn\wwwroot\PigCms\Lib\Action\BaseAction.class.php ç¬¬ 43 è¡Œ.
NOTIC: [8] Undefined index: wx.eake.cn D:\wwwroot\wxeakecn\wwwroot\PigCms\Lib\Action\BaseAction.class.php ç¬¬ 419 è¡Œ.
NOTIC: [8] Constant STATICS already defined D:\wwwroot\wxeakecn\wwwroot\PigCms\Lib\Action\BaseAction.class.php ç¬¬ 158 è¡Œ.
NOTIC: [2] Invalid argument supplied for foreach() D:\wwwroot\wxeakecn\wwwroot\PigCms\Lib\Action\Home\IndexAction.class.php ç¬¬ 53 è¡Œ.
NOTIC: [8] Undefined variable: type D:\wwwroot\wxeakecn\wwwroot\PigCms\Lib\Action\Home\IndexAction.class.php ç¬¬ 63 è¡Œ.
INFO: [ view_template ] --START--
INFO: Run LocationTemplate Behavior [ RunTime:-0.015625s ]
INFO: [ view_template ] --END-- [ RunTime:0.000000s ]
INFO: [ view_parse ] --START--
NOTIC: [8] Use of undefined constant uid - assumed 'uid' D:\wwwroot\wxeakecn\wwwroot\Conf\logs\Cache\Home\2c4ca75e1010d7886cbdaa6950d0757f.php ç¬¬ 54 è¡Œ.
NOTIC: [8] Undefined index: uid D:\wwwroot\wxeakecn\wwwroot\Conf\logs\Cache\Home\2c4ca75e1010d7886cbdaa6950d0757f.php ç¬¬ 54 è¡Œ.
INFO: Run ParseTemplate Behavior [ RunTime:-0.015625s ]
INFO: [ view_parse ] --END-- [ RunTime:0.031250s ]
INFO: [ view_filter ] --START--
INFO: Run ContentReplace Behavior [ RunTime:-0.046875s ]
INFO: Run TokenBuild Behavior [ RunTime:-0.046875s ]
INFO: Run WriteHtmlCache Behavior [ RunTime:-0.046875s ]
INFO: Run ShowRuntime Behavior [ RunTime:-0.046875s ]
INFO: [ view_filter ] --END-- [ RunTime:0.000000s ]
NOTIC: [2] unlink(./Conf/logs/Temp/0/b/0bd072374c8be52c228aba5c508adedc.php): No such file or directory D:\wwwroot\wxeakecn\wwwroot\Lib\Driver\Cache\CacheFile.class.php ç¬¬ 176 è¡Œ.
NOTIC: [8] Undefined variable: word_array D:\wwwroot\wxeakecn\wwwroot\PigCms\Lib\ORG\Susceptible.class.php ç¬¬ 45 è¡Œ.
NOTIC: [8] Undefined variable: xing_array D:\wwwroot\wxeakecn\wwwroot\PigCms\Lib\ORG\Susceptible.class.php ç¬¬ 45 è¡Œ.
INFO: [ view_end ] --START--
INFO: Run ShowPageTrace Behavior [ RunTime:-0.046875s ]
INFO: [ view_end ] --END-- [ RunTime:0.000000s ]
INFO: [ app_end ] --START--
INFO: Run AccessCount Behavior [ RunTime:-0.046875s ]
INFO: [ app_end ] --END-- [ RunTime:0.000000s ]

[ 2015-11-12T05:49:58+08:00 ] 61.135.189.98 /index.php?g=Home&m=Index&a=solution
INFO: [ app_begin ] --START--
INFO: Run ReadHtmlCache Behavior [ RunTime:0.000000s ]
INFO: [ app_begin ] --END-- [ RunTime:0.000000s ]
NOTIC: [8] Undefined index: wx.eake.cnnomsite D:\wwwroot\wxeakecn\wwwroot\PigCms\Lib\Action\BaseAction.class.php ç¬¬ 43 è¡Œ.
NOTIC: [8] Undefined index: wx.eake.cn D:\wwwroot\wxeakecn\wwwroot\PigCms\Lib\Action\BaseAction.class.php ç¬¬ 419 è¡Œ.
NOTIC: [8] Constant STATICS already defined D:\wwwroot\wxeakecn\wwwroot\PigCms\Lib\Action\BaseAction.class.php ç¬¬ 158 è¡Œ.
NOTIC: [2] Invalid argument supplied for foreach() D:\wwwroot\wxeakecn\wwwroot\PigCms\Lib\Action\Home\IndexAction.class.php ç¬¬ 53 è¡Œ.
NOTIC: [8] Undefined variable: type D:\wwwroot\wxeakecn\wwwroot\PigCms\Lib\Action\Home\IndexAction.class.php ç¬¬ 63 è¡Œ.
INFO: [ view_template ] --START--
INFO: Run LocationTemplate Behavior [ RunTime:-0.031250s ]
INFO: [ view_template ] --END-- [ RunTime:0.000000s ]
INFO: [ view_parse ] --START--
NOTIC: [8] Use of undefined constant uid - assumed 'uid' D:\wwwroot\wxeakecn\wwwroot\Conf\logs\Cache\Home\5991cd787012e89c8b3925e1ee31e23d.php ç¬¬ 54 è¡Œ.
NOTIC: [8] Undefined index: uid D:\wwwroot\wxeakecn\wwwroot\Conf\logs\Cache\Home\5991cd787012e89c8b3925e1ee31e23d.php ç¬¬ 54 è¡Œ.
INFO: Run ParseTemplate Behavior [ RunTime:-0.031250s ]
INFO: [ view_parse ] --END-- [ RunTime:0.031250s ]
INFO: [ view_filter ] --START--
INFO: Run ContentReplace Behavior [ RunTime:-0.062500s ]
INFO: Run TokenBuild Behavior [ RunTime:-0.062500s ]
INFO: Run WriteHtmlCache Behavior [ RunTime:-0.062500s ]
INFO: Run ShowRuntime Behavior [ RunTime:-0.062500s ]
INFO: [ view_filter ] --END-- [ RunTime:0.000000s ]
NOTIC: [2] unlink(./Conf/logs/Temp/0/b/0bd072374c8be52c228aba5c508adedc.php): No such file or directory D:\wwwroot\wxeakecn\wwwroot\Lib\Driver\Cache\CacheFile.class.php ç¬¬ 176 è¡Œ.
NOTIC: [8] Undefined variable: word_array D:\wwwroot\wxeakecn\wwwroot\PigCms\Lib\ORG\Susceptible.class.php ç¬¬ 45 è¡Œ.
NOTIC: [8] Undefined variable: xing_array D:\wwwroot\wxeakecn\wwwroot\PigCms\Lib\ORG\Susceptible.class.php ç¬¬ 45 è¡Œ.
INFO: [ view_end ] --START--
INFO: Run ShowPageTrace Behavior [ RunTime:-0.062500s ]
INFO: [ view_end ] --END-- [ RunTime:0.000000s ]
INFO: [ app_end ] --START--
INFO: Run AccessCount Behavior [ RunTime:-0.062500s ]
INFO: [ app_end ] --END-- [ RunTime:0.000000s ]

[ 2015-11-12T06:13:27+08:00 ] 66.249.79.166 /index.php?g=Home&m=Index&a=spread
INFO: [ app_begin ] --START--
INFO: Run ReadHtmlCache Behavior [ RunTime:0.015625s ]
INFO: [ app_begin ] --END-- [ RunTime:0.015625s ]
NOTIC: [8] Undefined index: wx.eake.cnnomsite D:\wwwroot\wxeakecn\wwwroot\PigCms\Lib\Action\BaseAction.class.php ç¬¬ 43 è¡Œ.
NOTIC: [8] Undefined index: wx.eake.cn D:\wwwroot\wxeakecn\wwwroot\PigCms\Lib\Action\BaseAction.class.php ç¬¬ 419 è¡Œ.
NOTIC: [8] Constant STATICS already defined D:\wwwroot\wxeakecn\wwwroot\PigCms\Lib\Action\BaseAction.class.php ç¬¬ 158 è¡Œ.
NOTIC: [2] Invalid argument supplied for foreach() D:\wwwroot\wxeakecn\wwwroot\PigCms\Lib\Action\Home\IndexAction.class.php ç¬¬ 53 è¡Œ.
NOTIC: [8] Undefined variable: type D:\wwwroot\wxeakecn\wwwroot\PigCms\Lib\Action\Home\IndexAction.class.php ç¬¬ 63 è¡Œ.
INFO: [ view_template ] --START--
INFO: Run LocationTemplate Behavior [ RunTime:-0.250000s ]
INFO: [ view_template ] --END-- [ RunTime:0.000000s ]
INFO: [ view_parse ] --START--
NOTIC: [8] Use of undefined constant uid - assumed 'uid' D:\wwwroot\wxeakecn\wwwroot\Conf\logs\Cache\Home\4482938bfbf96df422d8d2af85780aa3.php ç¬¬ 54 è¡Œ.
NOTIC: [8] Undefined index: uid D:\wwwroot\wxeakecn\wwwroot\Conf\logs\Cache\Home\4482938bfbf96df422d8d2af85780aa3.php ç¬¬ 54 è¡Œ.
INFO: Run ParseTemplate Behavior [ RunTime:-0.250000s ]
INFO: [ view_parse ] --END-- [ RunTime:0.140625s ]
INFO: [ view_filter ] --START--
INFO: Run ContentReplace Behavior [ RunTime:-0.390625s ]
INFO: Run TokenBuild Behavior [ RunTime:-0.390625s ]
INFO: Run WriteHtmlCache Behavior [ RunTime:-0.406250s ]
INFO: Run ShowRuntime Behavior [ RunTime:-0.421875s ]
INFO: [ view_filter ] --END-- [ RunTime:0.031250s ]
NOTIC: [2] unlink(./Conf/logs/Temp/0/b/0bd072374c8be52c228aba5c508adedc.php): No such file or directory D:\wwwroot\wxeakecn\wwwroot\Lib\Driver\Cache\CacheFile.class.php ç¬¬ 176 è¡Œ.
NOTIC: [8] Undefined variable: word_array D:\wwwroot\wxeakecn\wwwroot\PigCms\Lib\ORG\Susceptible.class.php ç¬¬ 45 è¡Œ.
NOTIC: [8] Undefined variable: xing_array D:\wwwroot\wxeakecn\wwwroot\PigCms\Lib\ORG\Susceptible.class.php ç¬¬ 45 è¡Œ.
INFO: [ view_end ] --START--
INFO: Run ShowPageTrace Behavior [ RunTime:-0.484375s ]
INFO: [ view_end ] --END-- [ RunTime:0.000000s ]
INFO: [ app_end ] --START--
INFO: Run AccessCount Behavior [ RunTime:-0.484375s ]
INFO: [ app_end ] --END-- [ RunTime:0.015625s ]

[ 2015-11-12T06:38:23+08:00 ] 66.249.79.159 /
INFO: [ app_begin ] --START--
INFO: Run ReadHtmlCache Behavior [ RunTime:0.015625s ]
INFO: [ app_begin ] --END-- [ RunTime:0.015625s ]
NOTIC: [8] Undefined index: wx.eake.cnnomsite D:\wwwroot\wxeakecn\wwwroot\PigCms\Lib\Action\BaseAction.class.php ç¬¬ 43 è¡Œ.
NOTIC: [8] Undefined index: wx.eake.cn D:\wwwroot\wxeakecn\wwwroot\PigCms\Lib\Action\BaseAction.class.php ç¬¬ 419 è¡Œ.
NOTIC: [8] Constant STATICS already defined D:\wwwroot\wxeakecn\wwwroot\PigCms\Lib\Action\BaseAction.class.php ç¬¬ 158 è¡Œ.
NOTIC: [2] Invalid argument supplied for foreach() D:\wwwroot\wxeakecn\wwwroot\PigCms\Lib\Action\Home\IndexAction.class.php ç¬¬ 53 è¡Œ.
NOTIC: [8] Undefined variable: type D:\wwwroot\wxeakecn\wwwroot\PigCms\Lib\Action\Home\IndexAction.class.php ç¬¬ 63 è¡Œ.
NOTIC: [8] Undefined index: showNotice D:\wwwroot\wxeakecn\wwwroot\PigCms\Lib\Action\Home\IndexAction.class.php ç¬¬ 77 è¡Œ.
INFO: [ view_template ] --START--
INFO: Run LocationTemplate Behavior [ RunTime:-0.328125s ]
INFO: [ view_template ] --END-- [ RunTime:0.031250s ]
INFO: [ view_parse ] --START--
NOTIC: [8] Use of undefined constant uid - assumed 'uid' D:\wwwroot\wxeakecn\wwwroot\Conf\logs\Cache\Home\e524f0d95c205d295147669ed06b7949.php ç¬¬ 54 è¡Œ.
NOTIC: [8] Undefined index: uid D:\wwwroot\wxeakecn\wwwroot\Conf\logs\Cache\Home\e524f0d95c205d295147669ed06b7949.php ç¬¬ 54 è¡Œ.
INFO: Run ParseTemplate Behavior [ RunTime:-0.359375s ]
INFO: [ view_parse ] --END-- [ RunTime:0.062500s ]
INFO: [ view_filter ] --START--
INFO: Run ContentReplace Behavior [ RunTime:-0.421875s ]
INFO: Run TokenBuild Behavior [ RunTime:-0.421875s ]
INFO: Run WriteHtmlCache Behavior [ RunTime:-0.421875s ]
INFO: Run ShowRuntime Behavior [ RunTime:-0.421875s ]
INFO: [ view_filter ] --END-- [ RunTime:0.015625s ]
NOTIC: [2] unlink(./Conf/logs/Temp/0/b/0bd072374c8be52c228aba5c508adedc.php): No such file or directory D:\wwwroot\wxeakecn\wwwroot\Lib\Driver\Cache\CacheFile.class.php ç¬¬ 176 è¡Œ.
NOTIC: [8] Undefined variable: word_array D:\wwwroot\wxeakecn\wwwroot\PigCms\Lib\ORG\Susceptible.class.php ç¬¬ 45 è¡Œ.
NOTIC: [8] Undefined variable: xing_array D:\wwwroot\wxeakecn\wwwroot\PigCms\Lib\ORG\Susceptible.class.php ç¬¬ 45 è¡Œ.
INFO: [ view_end ] --START--
INFO: Run ShowPageTrace Behavior [ RunTime:-0.500000s ]
INFO: [ view_end ] --END-- [ RunTime:0.000000s ]
INFO: [ app_end ] --START--
INFO: Run AccessCount Behavior [ RunTime:-0.500000s ]
INFO: [ app_end ] --END-- [ RunTime:0.000000s ]

[ 2015-11-12T07:28:42+08:00 ] 66.249.79.166 /index.php?g=Home&m=Index&a=contact
INFO: [ app_begin ] --START--
INFO: Run ReadHtmlCache Behavior [ RunTime:0.000000s ]
INFO: [ app_begin ] --END-- [ RunTime:0.000000s ]
NOTIC: [8] Undefined index: wx.eake.cnnomsite D:\wwwroot\wxeakecn\wwwroot\PigCms\Lib\Action\BaseAction.class.php ç¬¬ 43 è¡Œ.
NOTIC: [8] Undefined index: wx.eake.cn D:\wwwroot\wxeakecn\wwwroot\PigCms\Lib\Action\BaseAction.class.php ç¬¬ 419 è¡Œ.
NOTIC: [8] Constant STATICS already defined D:\wwwroot\wxeakecn\wwwroot\PigCms\Lib\Action\BaseAction.class.php ç¬¬ 158 è¡Œ.
NOTIC: [2] Invalid argument supplied for foreach() D:\wwwroot\wxeakecn\wwwroot\PigCms\Lib\Action\Home\IndexAction.class.php ç¬¬ 53 è¡Œ.
NOTIC: [8] Undefined variable: type D:\wwwroot\wxeakecn\wwwroot\PigCms\Lib\Action\Home\IndexAction.class.php ç¬¬ 63 è¡Œ.
INFO: [ view_template ] --START--
INFO: Run LocationTemplate Behavior [ RunTime:-0.218750s ]
INFO: [ view_template ] --END-- [ RunTime:0.000000s ]
INFO: [ view_parse ] --START--
NOTIC: [8] Use of undefined constant uid - assumed 'uid' D:\wwwroot\wxeakecn\wwwroot\Conf\logs\Cache\Home\2c4ca75e1010d7886cbdaa6950d0757f.php ç¬¬ 54 è¡Œ.
NOTIC: [8] Undefined index: uid D:\wwwroot\wxeakecn\wwwroot\Conf\logs\Cache\Home\2c4ca75e1010d7886cbdaa6950d0757f.php ç¬¬ 54 è¡Œ.
INFO: Run ParseTemplate Behavior [ RunTime:-0.218750s ]
INFO: [ view_parse ] --END-- [ RunTime:0.078125s ]
INFO: [ view_filter ] --START--
INFO: Run ContentReplace Behavior [ RunTime:-0.296875s ]
INFO: Run TokenBuild Behavior [ RunTime:-0.296875s ]
INFO: Run WriteHtmlCache Behavior [ RunTime:-0.312500s ]
INFO: Run ShowRuntime Behavior [ RunTime:-0.312500s ]
INFO: [ view_filter ] --END-- [ RunTime:0.015625s ]
NOTIC: [2] unlink(./Conf/logs/Temp/0/b/0bd072374c8be52c228aba5c508adedc.php): No such file or directory D:\wwwroot\wxeakecn\wwwroot\Lib\Driver\Cache\CacheFile.class.php ç¬¬ 176 è¡Œ.
NOTIC: [8] Undefined variable: word_array D:\wwwroot\wxeakecn\wwwroot\PigCms\Lib\ORG\Susceptible.class.php ç¬¬ 45 è¡Œ.
NOTIC: [8] Undefined variable: xing_array D:\wwwroot\wxeakecn\wwwroot\PigCms\Lib\ORG\Susceptible.class.php ç¬¬ 45 è¡Œ.
INFO: [ view_end ] --START--
INFO: Run ShowPageTrace Behavior [ RunTime:-0.406250s ]
INFO: [ view_end ] --END-- [ RunTime:0.000000s ]
INFO: [ app_end ] --START--
INFO: Run AccessCount Behavior [ RunTime:-0.406250s ]
INFO: [ app_end ] --END-- [ RunTime:0.015625s ]

[ 2015-11-12T08:19:28+08:00 ] ERR: (ThinkException) ÓÉÓÚÄ¿±ê»úÆ÷»ý¼«¾Ü¾ø£¬ÎÞ·¨Á¬½Ó¡£

[ 2015-11-12T08:32:22+08:00 ] ERR: (ThinkException) ÓÉÓÚÄ¿±ê»úÆ÷»ý¼«¾Ü¾ø£¬ÎÞ·¨Á¬½Ó¡£

[ 2015-11-12T08:32:36+08:00 ] ERR: (ThinkException) ÓÉÓÚÄ¿±ê»úÆ÷»ý¼«¾Ü¾ø£¬ÎÞ·¨Á¬½Ó¡£

[ 2015-11-12T08:33:03+08:00 ] ERR: (ThinkException) ÓÉÓÚÄ¿±ê»úÆ÷»ý¼«¾Ü¾ø£¬ÎÞ·¨Á¬½Ó¡£

[ 2015-11-12T08:46:14+08:00 ] ERR: (ThinkException) ÓÉÓÚÄ¿±ê»úÆ÷»ý¼«¾Ü¾ø£¬ÎÞ·¨Á¬½Ó¡£

[ 2015-11-12T08:46:16+08:00 ] ERR: (ThinkException) ÓÉÓÚÄ¿±ê»úÆ÷»ý¼«¾Ü¾ø£¬ÎÞ·¨Á¬½Ó¡£

[ 2015-11-12T08:46:17+08:00 ] ERR: (ThinkException) ÓÉÓÚÄ¿±ê»úÆ÷»ý¼«¾Ü¾ø£¬ÎÞ·¨Á¬½Ó¡£

[ 2015-11-12T08:46:18+08:00 ] ERR: (ThinkException) ÓÉÓÚÄ¿±ê»úÆ÷»ý¼«¾Ü¾ø£¬ÎÞ·¨Á¬½Ó¡£

[ 2015-11-12T08:46:19+08:00 ] ERR: (ThinkException) ÓÉÓÚÄ¿±ê»úÆ÷»ý¼«¾Ü¾ø£¬ÎÞ·¨Á¬½Ó¡£

[ 2015-11-12T08:46:20+08:00 ] ERR: (ThinkException) ÓÉÓÚÄ¿±ê»úÆ÷»ý¼«¾Ü¾ø£¬ÎÞ·¨Á¬½Ó¡£

[ 2015-11-12T08:46:21+08:00 ] ERR: (ThinkException) ÓÉÓÚÄ¿±ê»úÆ÷»ý¼«¾Ü¾ø£¬ÎÞ·¨Á¬½Ó¡£

[ 2015-11-12T08:46:22+08:00 ] ERR: (ThinkException) ÓÉÓÚÄ¿±ê»úÆ÷»ý¼«¾Ü¾ø£¬ÎÞ·¨Á¬½Ó¡£

[ 2015-11-12T08:46:23+08:00 ] ERR: (ThinkException) ÓÉÓÚÄ¿±ê»úÆ÷»ý¼«¾Ü¾ø£¬ÎÞ·¨Á¬½Ó¡£

[ 2015-11-12T08:46:24+08:00 ] ERR: (ThinkException) ÓÉÓÚÄ¿±ê»úÆ÷»ý¼«¾Ü¾ø£¬ÎÞ·¨Á¬½Ó¡£

[ 2015-11-12T08:46:26+08:00 ] ERR: (ThinkException) ÓÉÓÚÄ¿±ê»úÆ÷»ý¼«¾Ü¾ø£¬ÎÞ·¨Á¬½Ó¡£

[ 2015-11-12T08:46:27+08:00 ] ERR: (ThinkException) ÓÉÓÚÄ¿±ê»úÆ÷»ý¼«¾Ü¾ø£¬ÎÞ·¨Á¬½Ó¡£

[ 2015-11-12T08:46:27+08:00 ] ERR: (ThinkException) ÓÉÓÚÄ¿±ê»úÆ÷»ý¼«¾Ü¾ø£¬ÎÞ·¨Á¬½Ó¡£

[ 2015-11-12T08:46:28+08:00 ] ERR: (ThinkException) ÓÉÓÚÄ¿±ê»úÆ÷»ý¼«¾Ü¾ø£¬ÎÞ·¨Á¬½Ó¡£

[ 2015-11-12T08:46:29+08:00 ] ERR: (ThinkException) ÓÉÓÚÄ¿±ê»úÆ÷»ý¼«¾Ü¾ø£¬ÎÞ·¨Á¬½Ó¡£

[ 2015-11-12T08:46:30+08:00 ] ERR: (ThinkException) ÓÉÓÚÄ¿±ê»úÆ÷»ý¼«¾Ü¾ø£¬ÎÞ·¨Á¬½Ó¡£

[ 2015-11-12T08:46:31+08:00 ] ERR: (ThinkException) ÓÉÓÚÄ¿±ê»úÆ÷»ý¼«¾Ü¾ø£¬ÎÞ·¨Á¬½Ó¡£

[ 2015-11-12T08:46:33+08:00 ] ERR: (ThinkException) ÓÉÓÚÄ¿±ê»úÆ÷»ý¼«¾Ü¾ø£¬ÎÞ·¨Á¬½Ó¡£

[ 2015-11-12T08:46:34+08:00 ] ERR: (ThinkException) ÓÉÓÚÄ¿±ê»úÆ÷»ý¼«¾Ü¾ø£¬ÎÞ·¨Á¬½Ó¡£

[ 2015-11-12T08:46:35+08:00 ] ERR: (ThinkException) ÓÉÓÚÄ¿±ê»úÆ÷»ý¼«¾Ü¾ø£¬ÎÞ·¨Á¬½Ó¡£

[ 2015-11-12T08:46:37+08:00 ] ERR: (ThinkException) ÓÉÓÚÄ¿±ê»úÆ÷»ý¼«¾Ü¾ø£¬ÎÞ·¨Á¬½Ó¡£

[ 2015-11-12T08:46:38+08:00 ] ERR: (ThinkException) ÓÉÓÚÄ¿±ê»úÆ÷»ý¼«¾Ü¾ø£¬ÎÞ·¨Á¬½Ó¡£

[ 2015-11-12T08:46:39+08:00 ] ERR: (ThinkException) ÓÉÓÚÄ¿±ê»úÆ÷»ý¼«¾Ü¾ø£¬ÎÞ·¨Á¬½Ó¡£

[ 2015-11-12T08:46:40+08:00 ] ERR: (ThinkException) ÓÉÓÚÄ¿±ê»úÆ÷»ý¼«¾Ü¾ø£¬ÎÞ·¨Á¬½Ó¡£

[ 2015-11-12T08:46:41+08:00 ] ERR: (ThinkException) ÓÉÓÚÄ¿±ê»úÆ÷»ý¼«¾Ü¾ø£¬ÎÞ·¨Á¬½Ó¡£

[ 2015-11-12T08:46:42+08:00 ] ERR: (ThinkException) ÓÉÓÚÄ¿±ê»úÆ÷»ý¼«¾Ü¾ø£¬ÎÞ·¨Á¬½Ó¡£

[ 2015-11-12T08:46:43+08:00 ] ERR: (ThinkException) ÓÉÓÚÄ¿±ê»úÆ÷»ý¼«¾Ü¾ø£¬ÎÞ·¨Á¬½Ó¡£

[ 2015-11-12T08:46:44+08:00 ] ERR: (ThinkException) ÓÉÓÚÄ¿±ê»úÆ÷»ý¼«¾Ü¾ø£¬ÎÞ·¨Á¬½Ó¡£

[ 2015-11-12T08:46:45+08:00 ] ERR: (ThinkException) ÓÉÓÚÄ¿±ê»úÆ÷»ý¼«¾Ü¾ø£¬ÎÞ·¨Á¬½Ó¡£

[ 2015-11-12T08:46:46+08:00 ] ERR: (ThinkException) ÓÉÓÚÄ¿±ê»úÆ÷»ý¼«¾Ü¾ø£¬ÎÞ·¨Á¬½Ó¡£

[ 2015-11-12T08:46:47+08:00 ] ERR: (ThinkException) ÓÉÓÚÄ¿±ê»úÆ÷»ý¼«¾Ü¾ø£¬ÎÞ·¨Á¬½Ó¡£

[ 2015-11-12T08:46:49+08:00 ] ERR: (ThinkException) ÓÉÓÚÄ¿±ê»úÆ÷»ý¼«¾Ü¾ø£¬ÎÞ·¨Á¬½Ó¡£

[ 2015-11-12T08:46:50+08:00 ] ERR: (ThinkException) ÓÉÓÚÄ¿±ê»úÆ÷»ý¼«¾Ü¾ø£¬ÎÞ·¨Á¬½Ó¡£

[ 2015-11-12T08:51:15+08:00 ] 106.58.255.127 /
INFO: [ app_begin ] --START--
INFO: Run ReadHtmlCache Behavior [ RunTime:0.046875s ]
INFO: [ app_begin ] --END-- [ RunTime:0.046875s ]
NOTIC: [8] Undefined index: wx.eake.cnnomsite D:\wwwroot\wxeakecn\wwwroot\PigCms\Lib\Action\BaseAction.class.php ç¬¬ 43 è¡Œ.
NOTIC: [8] Undefined index: wx.eake.cn D:\wwwroot\wxeakecn\wwwroot\PigCms\Lib\Action\BaseAction.class.php ç¬¬ 419 è¡Œ.
NOTIC: [8] Constant STATICS already defined D:\wwwroot\wxeakecn\wwwroot\PigCms\Lib\Action\BaseAction.class.php ç¬¬ 158 è¡Œ.
NOTIC: [2] Invalid argument supplied for foreach() D:\wwwroot\wxeakecn\wwwroot\PigCms\Lib\Action\Home\IndexAction.class.php ç¬¬ 53 è¡Œ.
NOTIC: [8] Undefined variable: type D:\wwwroot\wxeakecn\wwwroot\PigCms\Lib\Action\Home\IndexAction.class.php ç¬¬ 63 è¡Œ.
NOTIC: [8] Undefined index: showNotice D:\wwwroot\wxeakecn\wwwroot\PigCms\Lib\Action\Home\IndexAction.class.php ç¬¬ 77 è¡Œ.
INFO: [ view_template ] --START--
INFO: Run LocationTemplate Behavior [ RunTime:-1.312500s ]
INFO: [ view_template ] --END-- [ RunTime:0.015625s ]
INFO: [ view_parse ] --START--
NOTIC: [8] Use of undefined constant uid - assumed 'uid' D:\wwwroot\wxeakecn\wwwroot\Conf\logs\Cache\Home\e524f0d95c205d295147669ed06b7949.php ç¬¬ 54 è¡Œ.
NOTIC: [8] Undefined index: uid D:\wwwroot\wxeakecn\wwwroot\Conf\logs\Cache\Home\e524f0d95c205d295147669ed06b7949.php ç¬¬ 54 è¡Œ.
INFO: Run ParseTemplate Behavior [ RunTime:-1.328125s ]
INFO: [ view_parse ] --END-- [ RunTime:0.140625s ]
INFO: [ view_filter ] --START--
INFO: Run ContentReplace Behavior [ RunTime:-1.468750s ]
INFO: Run TokenBuild Behavior [ RunTime:-1.484375s ]
INFO: Run WriteHtmlCache Behavior [ RunTime:-1.484375s ]
INFO: Run ShowRuntime Behavior [ RunTime:-1.500000s ]
INFO: [ view_filter ] --END-- [ RunTime:0.031250s ]
NOTIC: [2] unlink(./Conf/logs/Temp/0/b/0bd072374c8be52c228aba5c508adedc.php): No such file or directory D:\wwwroot\wxeakecn\wwwroot\Lib\Driver\Cache\CacheFile.class.php ç¬¬ 176 è¡Œ.
NOTIC: [8] Undefined variable: word_array D:\wwwroot\wxeakecn\wwwroot\PigCms\Lib\ORG\Susceptible.class.php ç¬¬ 45 è¡Œ.
NOTIC: [8] Undefined variable: xing_array D:\wwwroot\wxeakecn\wwwroot\PigCms\Lib\ORG\Susceptible.class.php ç¬¬ 45 è¡Œ.
INFO: [ view_end ] --START--
INFO: Run ShowPageTrace Behavior [ RunTime:-1.562500s ]
INFO: [ view_end ] --END-- [ RunTime:0.015625s ]
INFO: [ app_end ] --START--
INFO: Run AccessCount Behavior [ RunTime:-1.578125s ]
INFO: [ app_end ] --END-- [ RunTime:0.015625s ]

[ 2015-11-12T08:56:55+08:00 ] 106.58.255.127 /
INFO: [ app_begin ] --START--
INFO: Run ReadHtmlCache Behavior [ RunTime:0.000000s ]
INFO: [ app_begin ] --END-- [ RunTime:0.000000s ]
NOTIC: [8] Constant STATICS already defined D:\wwwroot\wxeakecn\wwwroot\PigCms\Lib\Action\BaseAction.class.php ç¬¬ 158 è¡Œ.
NOTIC: [2] Invalid argument supplied for foreach() D:\wwwroot\wxeakecn\wwwroot\PigCms\Lib\Action\Home\IndexAction.class.php ç¬¬ 53 è¡Œ.
NOTIC: [8] Undefined variable: type D:\wwwroot\wxeakecn\wwwroot\PigCms\Lib\Action\Home\IndexAction.class.php ç¬¬ 63 è¡Œ.
INFO: [ view_template ] --START--
INFO: Run LocationTemplate Behavior [ RunTime:-0.031250s ]
INFO: [ view_template ] --END-- [ RunTime:0.000000s ]
INFO: [ view_parse ] --START--
NOTIC: [8] Use of undefined constant uid - assumed 'uid' D:\wwwroot\wxeakecn\wwwroot\Conf\logs\Cache\Home\e524f0d95c205d295147669ed06b7949.php ç¬¬ 54 è¡Œ.
NOTIC: [8] Undefined index: uid D:\wwwroot\wxeakecn\wwwroot\Conf\logs\Cache\Home\e524f0d95c205d295147669ed06b7949.php ç¬¬ 54 è¡Œ.
INFO: Run ParseTemplate Behavior [ RunTime:-0.031250s ]
INFO: [ view_parse ] --END-- [ RunTime:0.015625s ]
INFO: [ view_filter ] --START--
INFO: Run ContentReplace Behavior [ RunTime:-0.046875s ]
INFO: Run TokenBuild Behavior [ RunTime:-0.046875s ]
INFO: Run WriteHtmlCache Behavior [ RunTime:-0.046875s ]
INFO: Run ShowRuntime Behavior [ RunTime:-0.046875s ]
INFO: [ view_filter ] --END-- [ RunTime:0.000000s ]
NOTIC: [2] unlink(./Conf/logs/Temp/0/b/0bd072374c8be52c228aba5c508adedc.php): No such file or directory D:\wwwroot\wxeakecn\wwwroot\Lib\Driver\Cache\CacheFile.class.php ç¬¬ 176 è¡Œ.
NOTIC: [8] Undefined variable: word_array D:\wwwroot\wxeakecn\wwwroot\PigCms\Lib\ORG\Susceptible.class.php ç¬¬ 45 è¡Œ.
NOTIC: [8] Undefined variable: xing_array D:\wwwroot\wxeakecn\wwwroot\PigCms\Lib\ORG\Susceptible.class.php ç¬¬ 45 è¡Œ.
INFO: [ view_end ] --START--
INFO: Run ShowPageTrace Behavior [ RunTime:-0.046875s ]
INFO: [ view_end ] --END-- [ RunTime:0.000000s ]
INFO: [ app_end ] --START--
INFO: Run AccessCount Behavior [ RunTime:-0.046875s ]
INFO: [ app_end ] --END-- [ RunTime:0.000000s ]

[ 2015-11-12T10:00:18+08:00 ] 66.249.79.159 /index.php?g=Home&m=Index&a=solution
INFO: [ app_begin ] --START--
INFO: Run ReadHtmlCache Behavior [ RunTime:0.046875s ]
INFO: [ app_begin ] --END-- [ RunTime:0.046875s ]
NOTIC: [8] Undefined index: wx.eake.cnnomsite D:\wwwroot\wxeakecn\wwwroot\PigCms\Lib\Action\BaseAction.class.php ç¬¬ 43 è¡Œ.
NOTIC: [8] Undefined index: wx.eake.cn D:\wwwroot\wxeakecn\wwwroot\PigCms\Lib\Action\BaseAction.class.php ç¬¬ 419 è¡Œ.
NOTIC: [8] Constant STATICS already defined D:\wwwroot\wxeakecn\wwwroot\PigCms\Lib\Action\BaseAction.class.php ç¬¬ 158 è¡Œ.
NOTIC: [2] Invalid argument supplied for foreach() D:\wwwroot\wxeakecn\wwwroot\PigCms\Lib\Action\Home\IndexAction.class.php ç¬¬ 53 è¡Œ.
NOTIC: [8] Undefined variable: type D:\wwwroot\wxeakecn\wwwroot\PigCms\Lib\Action\Home\IndexAction.class.php ç¬¬ 63 è¡Œ.
INFO: [ view_template ] --START--
INFO: Run LocationTemplate Behavior [ RunTime:-0.156250s ]
INFO: [ view_template ] --END-- [ RunTime:0.000000s ]
INFO: [ view_parse ] --START--
NOTIC: [8] Use of undefined constant uid - assumed 'uid' D:\wwwroot\wxeakecn\wwwroot\Conf\logs\Cache\Home\5991cd787012e89c8b3925e1ee31e23d.php ç¬¬ 54 è¡Œ.
NOTIC: [8] Undefined index: uid D:\wwwroot\wxeakecn\wwwroot\Conf\logs\Cache\Home\5991cd787012e89c8b3925e1ee31e23d.php ç¬¬ 54 è¡Œ.
INFO: Run ParseTemplate Behavior [ RunTime:-0.156250s ]
INFO: [ view_parse ] --END-- [ RunTime:0.078125s ]
INFO: [ view_filter ] --START--
INFO: Run ContentReplace Behavior [ RunTime:-0.234375s ]
INFO: Run TokenBuild Behavior [ RunTime:-0.250000s ]
INFO: Run WriteHtmlCache Behavior [ RunTime:-0.250000s ]
INFO: Run ShowRuntime Behavior [ RunTime:-0.250000s ]
INFO: [ view_filter ] --END-- [ RunTime:0.015625s ]
NOTIC: [2] unlink(./Conf/logs/Temp/0/b/0bd072374c8be52c228aba5c508adedc.php): No such file or directory D:\wwwroot\wxeakecn\wwwroot\Lib\Driver\Cache\CacheFile.class.php ç¬¬ 176 è¡Œ.
NOTIC: [8] Undefined variable: word_array D:\wwwroot\wxeakecn\wwwroot\PigCms\Lib\ORG\Susceptible.class.php ç¬¬ 45 è¡Œ.
NOTIC: [8] Undefined variable: xing_array D:\wwwroot\wxeakecn\wwwroot\PigCms\Lib\ORG\Susceptible.class.php ç¬¬ 45 è¡Œ.
INFO: [ view_end ] --START--
INFO: Run ShowPageTrace Behavior [ RunTime:-0.281250s ]
INFO: [ view_end ] --END-- [ RunTime:0.000000s ]
INFO: [ app_end ] --START--
INFO: Run AccessCount Behavior [ RunTime:-0.281250s ]
INFO: [ app_end ] --END-- [ RunTime:0.000000s ]

[ 2015-11-12T10:17:28+08:00 ] 66.249.79.159 /
INFO: [ app_begin ] --START--
INFO: Run ReadHtmlCache Behavior [ RunTime:0.375000s ]
INFO: [ app_begin ] --END-- [ RunTime:0.375000s ]
NOTIC: [8] Undefined index: wx.eake.cnnomsite D:\wwwroot\wxeakecn\wwwroot\PigCms\Lib\Action\BaseAction.class.php ç¬¬ 43 è¡Œ.
NOTIC: [8] Undefined index: wx.eake.cn D:\wwwroot\wxeakecn\wwwroot\PigCms\Lib\Action\BaseAction.class.php ç¬¬ 419 è¡Œ.
NOTIC: [8] Constant STATICS already defined D:\wwwroot\wxeakecn\wwwroot\PigCms\Lib\Action\BaseAction.class.php ç¬¬ 158 è¡Œ.
NOTIC: [2] Invalid argument supplied for foreach() D:\wwwroot\wxeakecn\wwwroot\PigCms\Lib\Action\Home\IndexAction.class.php ç¬¬ 53 è¡Œ.
NOTIC: [8] Undefined variable: type D:\wwwroot\wxeakecn\wwwroot\PigCms\Lib\Action\Home\IndexAction.class.php ç¬¬ 63 è¡Œ.
NOTIC: [8] Undefined index: showNotice D:\wwwroot\wxeakecn\wwwroot\PigCms\Lib\Action\Home\IndexAction.class.php ç¬¬ 77 è¡Œ.
INFO: [ view_template ] --START--
INFO: Run LocationTemplate Behavior [ RunTime:-5.421875s ]
INFO: [ view_template ] --END-- [ RunTime:0.359375s ]
INFO: [ view_parse ] --START--
NOTIC: [8] Use of undefined constant uid - assumed 'uid' D:\wwwroot\wxeakecn\wwwroot\Conf\logs\Cache\Home\e524f0d95c205d295147669ed06b7949.php ç¬¬ 54 è¡Œ.
NOTIC: [8] Undefined index: uid D:\wwwroot\wxeakecn\wwwroot\Conf\logs\Cache\Home\e524f0d95c205d295147669ed06b7949.php ç¬¬ 54 è¡Œ.
INFO: Run ParseTemplate Behavior [ RunTime:-5.781250s ]
INFO: [ view_parse ] --END-- [ RunTime:1.578125s ]
INFO: [ view_filter ] --START--
INFO: Run ContentReplace Behavior [ RunTime:-7.359375s ]
INFO: Run TokenBuild Behavior [ RunTime:-7.750000s ]
INFO: Run WriteHtmlCache Behavior [ RunTime:-7.859375s ]
INFO: Run ShowRuntime Behavior [ RunTime:-8.062500s ]
INFO: [ view_filter ] --END-- [ RunTime:0.734375s ]
NOTIC: [2] unlink(./Conf/logs/Temp/0/b/0bd072374c8be52c228aba5c508adedc.php): No such file or directory D:\wwwroot\wxeakecn\wwwroot\Lib\Driver\Cache\CacheFile.class.php ç¬¬ 176 è¡Œ.
NOTIC: [8] Undefined variable: word_array D:\wwwroot\wxeakecn\wwwroot\PigCms\Lib\ORG\Susceptible.class.php ç¬¬ 45 è¡Œ.
NOTIC: [8] Undefined variable: xing_array D:\wwwroot\wxeakecn\wwwroot\PigCms\Lib\ORG\Susceptible.class.php ç¬¬ 45 è¡Œ.
INFO: [ view_end ] --START--
INFO: Run ShowPageTrace Behavior [ RunTime:-8.484375s ]
INFO: [ view_end ] --END-- [ RunTime:0.093750s ]
INFO: [ app_end ] --START--
INFO: Run AccessCount Behavior [ RunTime:-8.578125s ]
INFO: [ app_end ] --END-- [ RunTime:0.062500s ]

[ 2015-11-12T10:32:33+08:00 ] 61.135.189.98 /index.php?g=Home&m=Index&a=help
INFO: [ app_begin ] --START--
INFO: Run ReadHtmlCache Behavior [ RunTime:0.015625s ]
INFO: [ app_begin ] --END-- [ RunTime:0.031250s ]
NOTIC: [8] Undefined index: wx.eake.cnnomsite D:\wwwroot\wxeakecn\wwwroot\PigCms\Lib\Action\BaseAction.class.php ç¬¬ 43 è¡Œ.
NOTIC: [8] Undefined index: wx.eake.cn D:\wwwroot\wxeakecn\wwwroot\PigCms\Lib\Action\BaseAction.class.php ç¬¬ 419 è¡Œ.
NOTIC: [8] Constant STATICS already defined D:\wwwroot\wxeakecn\wwwroot\PigCms\Lib\Action\BaseAction.class.php ç¬¬ 158 è¡Œ.
NOTIC: [2] Invalid argument supplied for foreach() D:\wwwroot\wxeakecn\wwwroot\PigCms\Lib\Action\Home\IndexAction.class.php ç¬¬ 53 è¡Œ.
NOTIC: [8] Undefined variable: type D:\wwwroot\wxeakecn\wwwroot\PigCms\Lib\Action\Home\IndexAction.class.php ç¬¬ 63 è¡Œ.
INFO: [ view_template ] --START--
INFO: Run LocationTemplate Behavior [ RunTime:-0.125000s ]
INFO: [ view_template ] --END-- [ RunTime:0.046875s ]
INFO: [ view_parse ] --START--
NOTIC: [8] Undefined index: token D:\wwwroot\wxeakecn\wwwroot\Conf\logs\Cache\Home\911137dc81a09fbb55eaf155401e102a.php ç¬¬ 106 è¡Œ.
NOTIC: [8] Undefined index: token D:\wwwroot\wxeakecn\wwwroot\Conf\logs\Cache\Home\911137dc81a09fbb55eaf155401e102a.php ç¬¬ 134 è¡Œ.
NOTIC: [8] Undefined index: token D:\wwwroot\wxeakecn\wwwroot\Conf\logs\Cache\Home\911137dc81a09fbb55eaf155401e102a.php ç¬¬ 138 è¡Œ.
INFO: Run ParseTemplate Behavior [ RunTime:-0.171875s ]
INFO: [ view_parse ] --END-- [ RunTime:0.078125s ]
INFO: [ view_filter ] --START--
INFO: Run ContentReplace Behavior [ RunTime:-0.250000s ]
INFO: Run TokenBuild Behavior [ RunTime:-0.250000s ]
INFO: Run WriteHtmlCache Behavior [ RunTime:-0.265625s ]
INFO: Run ShowRuntime Behavior [ RunTime:-0.265625s ]
INFO: [ view_filter ] --END-- [ RunTime:0.031250s ]
NOTIC: [2] unlink(./Conf/logs/Temp/0/b/0bd072374c8be52c228aba5c508adedc.php): No such file or directory D:\wwwroot\wxeakecn\wwwroot\Lib\Driver\Cache\CacheFile.class.php ç¬¬ 176 è¡Œ.
NOTIC: [8] Undefined variable: word_array D:\wwwroot\wxeakecn\wwwroot\PigCms\Lib\ORG\Susceptible.class.php ç¬¬ 45 è¡Œ.
NOTIC: [8] Undefined variable: xing_array D:\wwwroot\wxeakecn\wwwroot\PigCms\Lib\ORG\Susceptible.class.php ç¬¬ 45 è¡Œ.
INFO: [ view_end ] --START--
INFO: Run ShowPageTrace Behavior [ RunTime:-0.343750s ]
INFO: [ view_end ] --END-- [ RunTime:0.000000s ]
INFO: [ app_end ] --START--
INFO: Run AccessCount Behavior [ RunTime:-0.359375s ]
INFO: [ app_end ] --END-- [ RunTime:0.000000s ]

[ 2015-11-12T11:05:38+08:00 ] 180.76.15.157 /
INFO: [ app_begin ] --START--
INFO: Run ReadHtmlCache Behavior [ RunTime:0.000000s ]
INFO: [ app_begin ] --END-- [ RunTime:0.000000s ]
NOTIC: [8] Undefined index: wx.eake.cnnomsite D:\wwwroot\wxeakecn\wwwroot\PigCms\Lib\Action\BaseAction.class.php ç¬¬ 43 è¡Œ.
NOTIC: [8] Undefined index: wx.eake.cn D:\wwwroot\wxeakecn\wwwroot\PigCms\Lib\Action\BaseAction.class.php ç¬¬ 419 è¡Œ.
NOTIC: [8] Constant STATICS already defined D:\wwwroot\wxeakecn\wwwroot\PigCms\Lib\Action\BaseAction.class.php ç¬¬ 158 è¡Œ.
NOTIC: [2] Invalid argument supplied for foreach() D:\wwwroot\wxeakecn\wwwroot\PigCms\Lib\Action\Home\IndexAction.class.php ç¬¬ 53 è¡Œ.
NOTIC: [8] Undefined variable: type D:\wwwroot\wxeakecn\wwwroot\PigCms\Lib\Action\Home\IndexAction.class.php ç¬¬ 63 è¡Œ.
NOTIC: [8] Undefined index: showNotice D:\wwwroot\wxeakecn\wwwroot\PigCms\Lib\Action\Home\IndexAction.class.php ç¬¬ 77 è¡Œ.
INFO: [ view_template ] --START--
INFO: Run LocationTemplate Behavior [ RunTime:-0.187500s ]
INFO: [ view_template ] --END-- [ RunTime:0.000000s ]
INFO: [ view_parse ] --START--
NOTIC: [8] Use of undefined constant uid - assumed 'uid' D:\wwwroot\wxeakecn\wwwroot\Conf\logs\Cache\Home\e524f0d95c205d295147669ed06b7949.php ç¬¬ 54 è¡Œ.
NOTIC: [8] Undefined index: uid D:\wwwroot\wxeakecn\wwwroot\Conf\logs\Cache\Home\e524f0d95c205d295147669ed06b7949.php ç¬¬ 54 è¡Œ.
INFO: Run ParseTemplate Behavior [ RunTime:-0.187500s ]
INFO: [ view_parse ] --END-- [ RunTime:0.031250s ]
INFO: [ view_filter ] --START--
INFO: Run ContentReplace Behavior [ RunTime:-0.218750s ]
INFO: Run TokenBuild Behavior [ RunTime:-0.218750s ]
INFO: Run WriteHtmlCache Behavior [ RunTime:-0.218750s ]
INFO: Run ShowRuntime Behavior [ RunTime:-0.218750s ]
INFO: [ view_filter ] --END-- [ RunTime:0.000000s ]
NOTIC: [2] unlink(./Conf/logs/Temp/0/b/0bd072374c8be52c228aba5c508adedc.php): No such file or directory D:\wwwroot\wxeakecn\wwwroot\Lib\Driver\Cache\CacheFile.class.php ç¬¬ 176 è¡Œ.
NOTIC: [8] Undefined variable: word_array D:\wwwroot\wxeakecn\wwwroot\PigCms\Lib\ORG\Susceptible.class.php ç¬¬ 45 è¡Œ.
NOTIC: [8] Undefined variable: xing_array D:\wwwroot\wxeakecn\wwwroot\PigCms\Lib\ORG\Susceptible.class.php ç¬¬ 45 è¡Œ.
INFO: [ view_end ] --START--
INFO: Run ShowPageTrace Behavior [ RunTime:-0.218750s ]
INFO: [ view_end ] --END-- [ RunTime:0.000000s ]
INFO: [ app_end ] --START--
INFO: Run AccessCount Behavior [ RunTime:-0.218750s ]
INFO: [ app_end ] --END-- [ RunTime:0.000000s ]

[ 2015-11-12T11:10:16+08:00 ] 180.76.15.134 /
INFO: [ app_begin ] --START--
INFO: Run ReadHtmlCache Behavior [ RunTime:0.265625s ]
INFO: [ app_begin ] --END-- [ RunTime:0.687500s ]
NOTIC: [8] Undefined index: wx.eake.cnnomsite D:\wwwroot\wxeakecn\wwwroot\PigCms\Lib\Action\BaseAction.class.php ç¬¬ 43 è¡Œ.
NOTIC: [8] Undefined index: wx.eake.cn D:\wwwroot\wxeakecn\wwwroot\PigCms\Lib\Action\BaseAction.class.php ç¬¬ 419 è¡Œ.
NOTIC: [8] Constant STATICS already defined D:\wwwroot\wxeakecn\wwwroot\PigCms\Lib\Action\BaseAction.class.php ç¬¬ 158 è¡Œ.
NOTIC: [2] Invalid argument supplied for foreach() D:\wwwroot\wxeakecn\wwwroot\PigCms\Lib\Action\Home\IndexAction.class.php ç¬¬ 53 è¡Œ.
NOTIC: [8] Undefined variable: type D:\wwwroot\wxeakecn\wwwroot\PigCms\Lib\Action\Home\IndexAction.class.php ç¬¬ 63 è¡Œ.
NOTIC: [8] Undefined index: showNotice D:\wwwroot\wxeakecn\wwwroot\PigCms\Lib\Action\Home\IndexAction.class.php ç¬¬ 77 è¡Œ.
INFO: [ view_template ] --START--
INFO: Run LocationTemplate Behavior [ RunTime:-16.859375s ]
INFO: [ view_template ] --END-- [ RunTime:0.437500s ]
INFO: [ view_parse ] --START--
NOTIC: [8] Use of undefined constant uid - assumed 'uid' D:\wwwroot\wxeakecn\wwwroot\Conf\logs\Cache\Home\e524f0d95c205d295147669ed06b7949.php ç¬¬ 54 è¡Œ.
NOTIC: [8] Undefined index: uid D:\wwwroot\wxeakecn\wwwroot\Conf\logs\Cache\Home\e524f0d95c205d295147669ed06b7949.php ç¬¬ 54 è¡Œ.
INFO: Run ParseTemplate Behavior [ RunTime:-17.296875s ]
INFO: [ view_parse ] --END-- [ RunTime:3.531250s ]
INFO: [ view_filter ] --START--
INFO: Run ContentReplace Behavior [ RunTime:-20.828125s ]
INFO: Run TokenBuild Behavior [ RunTime:-20.843750s ]
INFO: Run WriteHtmlCache Behavior [ RunTime:-21.078125s ]
INFO: Run ShowRuntime Behavior [ RunTime:-21.125000s ]
INFO: [ view_filter ] --END-- [ RunTime:0.328125s ]
NOTIC: [2] unlink(./Conf/logs/Temp/0/b/0bd072374c8be52c228aba5c508adedc.php): No such file or directory D:\wwwroot\wxeakecn\wwwroot\Lib\Driver\Cache\CacheFile.class.php ç¬¬ 176 è¡Œ.
NOTIC: [8] Undefined variable: word_array D:\wwwroot\wxeakecn\wwwroot\PigCms\Lib\ORG\Susceptible.class.php ç¬¬ 45 è¡Œ.
NOTIC: [8] Undefined variable: xing_array D:\wwwroot\wxeakecn\wwwroot\PigCms\Lib\ORG\Susceptible.class.php ç¬¬ 45 è¡Œ.
INFO: [ view_end ] --START--
INFO: Run ShowPageTrace Behavior [ RunTime:-30.125000s ]
INFO: [ view_end ] --END-- [ RunTime:0.250000s ]
INFO: [ app_end ] --START--
INFO: Run AccessCount Behavior [ RunTime:-30.375000s ]
INFO: [ app_end ] --END-- [ RunTime:0.171875s ]

[ 2015-11-12T11:17:03+08:00 ] 66.249.79.159 /index.php?g=Home&m=Index&a=navigation
INFO: [ app_begin ] --START--
INFO: Run ReadHtmlCache Behavior [ RunTime:0.531250s ]
INFO: [ app_begin ] --END-- [ RunTime:0.593750s ]
NOTIC: [8] Undefined index: wx.eake.cnnomsite D:\wwwroot\wxeakecn\wwwroot\PigCms\Lib\Action\BaseAction.class.php ç¬¬ 43 è¡Œ.
NOTIC: [8] Undefined index: wx.eake.cn D:\wwwroot\wxeakecn\wwwroot\PigCms\Lib\Action\BaseAction.class.php ç¬¬ 419 è¡Œ.
NOTIC: [8] Constant STATICS already defined D:\wwwroot\wxeakecn\wwwroot\PigCms\Lib\Action\BaseAction.class.php ç¬¬ 158 è¡Œ.
NOTIC: [2] Invalid argument supplied for foreach() D:\wwwroot\wxeakecn\wwwroot\PigCms\Lib\Action\Home\IndexAction.class.php ç¬¬ 53 è¡Œ.
NOTIC: [8] Undefined variable: type D:\wwwroot\wxeakecn\wwwroot\PigCms\Lib\Action\Home\IndexAction.class.php ç¬¬ 63 è¡Œ.
INFO: [ view_template ] --START--
INFO: Run LocationTemplate Behavior [ RunTime:-2.953125s ]
INFO: [ view_template ] --END-- [ RunTime:0.015625s ]
INFO: [ view_parse ] --START--
NOTIC: [8] Use of undefined constant uid - assumed 'uid' D:\wwwroot\wxeakecn\wwwroot\Conf\logs\Cache\Home\2442d567be6d7de91b47b79224b63b29.php ç¬¬ 54 è¡Œ.
NOTIC: [8] Undefined index: uid D:\wwwroot\wxeakecn\wwwroot\Conf\logs\Cache\Home\2442d567be6d7de91b47b79224b63b29.php ç¬¬ 54 è¡Œ.
INFO: Run ParseTemplate Behavior [ RunTime:-2.968750s ]
INFO: [ view_parse ] --END-- [ RunTime:4.906250s ]
INFO: [ view_filter ] --START--
INFO: Run ContentReplace Behavior [ RunTime:-7.875000s ]
INFO: Run TokenBuild Behavior [ RunTime:-7.875000s ]
INFO: Run WriteHtmlCache Behavior [ RunTime:-8.109375s ]
INFO: Run ShowRuntime Behavior [ RunTime:-8.125000s ]
INFO: [ view_filter ] --END-- [ RunTime:0.328125s ]
NOTIC: [2] unlink(./Conf/logs/Temp/0/b/0bd072374c8be52c228aba5c508adedc.php): No such file or directory D:\wwwroot\wxeakecn\wwwroot\Lib\Driver\Cache\CacheFile.class.php ç¬¬ 176 è¡Œ.
NOTIC: [8] Undefined variable: word_array D:\wwwroot\wxeakecn\wwwroot\PigCms\Lib\ORG\Susceptible.class.php ç¬¬ 45 è¡Œ.
NOTIC: [8] Undefined variable: xing_array D:\wwwroot\wxeakecn\wwwroot\PigCms\Lib\ORG\Susceptible.class.php ç¬¬ 45 è¡Œ.
INFO: [ view_end ] --START--
INFO: Run ShowPageTrace Behavior [ RunTime:-9.921875s ]
INFO: [ view_end ] --END-- [ RunTime:0.296875s ]
INFO: [ app_end ] --START--
INFO: Run AccessCount Behavior [ RunTime:-10.218750s ]
INFO: [ app_end ] --END-- [ RunTime:0.093750s ]

[ 2015-11-12T13:36:41+08:00 ] 66.249.79.152 /
INFO: [ app_begin ] --START--
INFO: Run ReadHtmlCache Behavior [ RunTime:0.015625s ]
INFO: [ app_begin ] --END-- [ RunTime:0.015625s ]
NOTIC: [8] Undefined index: wx.eake.cnnomsite D:\wwwroot\wxeakecn\wwwroot\PigCms\Lib\Action\BaseAction.class.php ç¬¬ 43 è¡Œ.
NOTIC: [8] Undefined index: wx.eake.cn D:\wwwroot\wxeakecn\wwwroot\PigCms\Lib\Action\BaseAction.class.php ç¬¬ 419 è¡Œ.
NOTIC: [8] Constant STATICS already defined D:\wwwroot\wxeakecn\wwwroot\PigCms\Lib\Action\BaseAction.class.php ç¬¬ 158 è¡Œ.
NOTIC: [2] Invalid argument supplied for foreach() D:\wwwroot\wxeakecn\wwwroot\PigCms\Lib\Action\Home\IndexAction.class.php ç¬¬ 53 è¡Œ.
NOTIC: [8] Undefined variable: type D:\wwwroot\wxeakecn\wwwroot\PigCms\Lib\Action\Home\IndexAction.class.php ç¬¬ 63 è¡Œ.
NOTIC: [8] Undefined index: showNotice D:\wwwroot\wxeakecn\wwwroot\PigCms\Lib\Action\Home\IndexAction.class.php ç¬¬ 77 è¡Œ.
INFO: [ view_template ] --START--
INFO: Run LocationTemplate Behavior [ RunTime:-0.390625s ]
INFO: [ view_template ] --END-- [ RunTime:0.031250s ]
INFO: [ view_parse ] --START--
NOTIC: [8] Use of undefined constant uid - assumed 'uid' D:\wwwroot\wxeakecn\wwwroot\Conf\logs\Cache\Home\e524f0d95c205d295147669ed06b7949.php ç¬¬ 54 è¡Œ.
NOTIC: [8] Undefined index: uid D:\wwwroot\wxeakecn\wwwroot\Conf\logs\Cache\Home\e524f0d95c205d295147669ed06b7949.php ç¬¬ 54 è¡Œ.
INFO: Run ParseTemplate Behavior [ RunTime:-0.421875s ]
INFO: [ view_parse ] --END-- [ RunTime:0.078125s ]
INFO: [ view_filter ] --START--
INFO: Run ContentReplace Behavior [ RunTime:-0.500000s ]
INFO: Run TokenBuild Behavior [ RunTime:-0.500000s ]
INFO: Run WriteHtmlCache Behavior [ RunTime:-0.500000s ]
INFO: Run ShowRuntime Behavior [ RunTime:-0.515625s ]
INFO: [ view_filter ] --END-- [ RunTime:0.031250s ]
NOTIC: [2] unlink(./Conf/logs/Temp/0/b/0bd072374c8be52c228aba5c508adedc.php): No such file or directory D:\wwwroot\wxeakecn\wwwroot\Lib\Driver\Cache\CacheFile.class.php ç¬¬ 176 è¡Œ.
NOTIC: [8] Undefined variable: word_array D:\wwwroot\wxeakecn\wwwroot\PigCms\Lib\ORG\Susceptible.class.php ç¬¬ 45 è¡Œ.
NOTIC: [8] Undefined variable: xing_array D:\wwwroot\wxeakecn\wwwroot\PigCms\Lib\ORG\Susceptible.class.php ç¬¬ 45 è¡Œ.
INFO: [ view_end ] --START--
INFO: Run ShowPageTrace Behavior [ RunTime:-0.578125s ]
INFO: [ view_end ] --END-- [ RunTime:0.015625s ]
INFO: [ app_end ] --START--
INFO: Run AccessCount Behavior [ RunTime:-0.593750s ]
INFO: [ app_end ] --END-- [ RunTime:0.000000s ]

[ 2015-11-12T18:20:15+08:00 ] 66.249.79.152 /
INFO: [ app_begin ] --START--
INFO: Run ReadHtmlCache Behavior [ RunTime:0.625000s ]
INFO: [ app_begin ] --END-- [ RunTime:0.687500s ]
NOTIC: [8] Undefined index: wx.eake.cnnomsite D:\wwwroot\wxeakecn\wwwroot\PigCms\Lib\Action\BaseAction.class.php ç¬¬ 43 è¡Œ.
NOTIC: [8] Undefined index: wx.eake.cn D:\wwwroot\wxeakecn\wwwroot\PigCms\Lib\Action\BaseAction.class.php ç¬¬ 419 è¡Œ.
NOTIC: [8] Constant STATICS already defined D:\wwwroot\wxeakecn\wwwroot\PigCms\Lib\Action\BaseAction.class.php ç¬¬ 158 è¡Œ.
NOTIC: [2] Invalid argument supplied for foreach() D:\wwwroot\wxeakecn\wwwroot\PigCms\Lib\Action\Home\IndexAction.class.php ç¬¬ 53 è¡Œ.
NOTIC: [8] Undefined variable: type D:\wwwroot\wxeakecn\wwwroot\PigCms\Lib\Action\Home\IndexAction.class.php ç¬¬ 63 è¡Œ.
NOTIC: [8] Undefined index: showNotice D:\wwwroot\wxeakecn\wwwroot\PigCms\Lib\Action\Home\IndexAction.class.php ç¬¬ 77 è¡Œ.
INFO: [ view_template ] --START--
INFO: Run LocationTemplate Behavior [ RunTime:-6.093750s ]
INFO: [ view_template ] --END-- [ RunTime:0.734375s ]
INFO: [ view_parse ] --START--
NOTIC: [8] Use of undefined constant uid - assumed 'uid' D:\wwwroot\wxeakecn\wwwroot\Conf\logs\Cache\Home\e524f0d95c205d295147669ed06b7949.php ç¬¬ 54 è¡Œ.
NOTIC: [8] Undefined index: uid D:\wwwroot\wxeakecn\wwwroot\Conf\logs\Cache\Home\e524f0d95c205d295147669ed06b7949.php ç¬¬ 54 è¡Œ.
INFO: Run ParseTemplate Behavior [ RunTime:-6.828125s ]
INFO: [ view_parse ] --END-- [ RunTime:2.078125s ]
INFO: [ view_filter ] --START--
INFO: Run ContentReplace Behavior [ RunTime:-8.906250s ]
INFO: Run TokenBuild Behavior [ RunTime:-9.062500s ]
INFO: Run WriteHtmlCache Behavior [ RunTime:-9.218750s ]
INFO: Run ShowRuntime Behavior [ RunTime:-9.234375s ]
INFO: [ view_filter ] --END-- [ RunTime:0.375000s ]
NOTIC: [2] unlink(./Conf/logs/Temp/0/b/0bd072374c8be52c228aba5c508adedc.php): No such file or directory D:\wwwroot\wxeakecn\wwwroot\Lib\Driver\Cache\CacheFile.class.php ç¬¬ 176 è¡Œ.
NOTIC: [8] Undefined variable: word_array D:\wwwroot\wxeakecn\wwwroot\PigCms\Lib\ORG\Susceptible.class.php ç¬¬ 45 è¡Œ.
NOTIC: [8] Undefined variable: xing_array D:\wwwroot\wxeakecn\wwwroot\PigCms\Lib\ORG\Susceptible.class.php ç¬¬ 45 è¡Œ.
INFO: [ view_end ] --START--
INFO: Run ShowPageTrace Behavior [ RunTime:-10.437500s ]
INFO: [ view_end ] --END-- [ RunTime:0.093750s ]
INFO: [ app_end ] --START--
INFO: Run AccessCount Behavior [ RunTime:-10.531250s ]
INFO: [ app_end ] --END-- [ RunTime:0.406250s ]

[ 2015-11-12T18:20:16+08:00 ] 180.76.15.163 /
INFO: [ app_begin ] --START--
INFO: Run ReadHtmlCache Behavior [ RunTime:0.000000s ]
INFO: [ app_begin ] --END-- [ RunTime:0.062500s ]
NOTIC: [8] Undefined index: wx.eake.cnnomsite D:\wwwroot\wxeakecn\wwwroot\PigCms\Lib\Action\BaseAction.class.php ç¬¬ 43 è¡Œ.
NOTIC: [8] Undefined index: wx.eake.cn D:\wwwroot\wxeakecn\wwwroot\PigCms\Lib\Action\BaseAction.class.php ç¬¬ 419 è¡Œ.
NOTIC: [8] Constant STATICS already defined D:\wwwroot\wxeakecn\wwwroot\PigCms\Lib\Action\BaseAction.class.php ç¬¬ 158 è¡Œ.
NOTIC: [2] Invalid argument supplied for foreach() D:\wwwroot\wxeakecn\wwwroot\PigCms\Lib\Action\Home\IndexAction.class.php ç¬¬ 53 è¡Œ.
NOTIC: [8] Undefined variable: type D:\wwwroot\wxeakecn\wwwroot\PigCms\Lib\Action\Home\IndexAction.class.php ç¬¬ 63 è¡Œ.
NOTIC: [8] Undefined index: showNotice D:\wwwroot\wxeakecn\wwwroot\PigCms\Lib\Action\Home\IndexAction.class.php ç¬¬ 77 è¡Œ.
INFO: [ view_template ] --START--
INFO: Run LocationTemplate Behavior [ RunTime:-0.515625s ]
INFO: [ view_template ] --END-- [ RunTime:0.000000s ]
INFO: [ view_parse ] --START--
NOTIC: [8] Use of undefined constant uid - assumed 'uid' D:\wwwroot\wxeakecn\wwwroot\Conf\logs\Cache\Home\e524f0d95c205d295147669ed06b7949.php ç¬¬ 54 è¡Œ.
NOTIC: [8] Undefined index: uid D:\wwwroot\wxeakecn\wwwroot\Conf\logs\Cache\Home\e524f0d95c205d295147669ed06b7949.php ç¬¬ 54 è¡Œ.
INFO: Run ParseTemplate Behavior [ RunTime:-0.515625s ]
INFO: [ view_parse ] --END-- [ RunTime:0.015625s ]
INFO: [ view_filter ] --START--
INFO: Run ContentReplace Behavior [ RunTime:-0.531250s ]
INFO: Run TokenBuild Behavior [ RunTime:-0.531250s ]
INFO: Run WriteHtmlCache Behavior [ RunTime:-0.531250s ]
INFO: Run ShowRuntime Behavior [ RunTime:-0.531250s ]
INFO: [ view_filter ] --END-- [ RunTime:0.000000s ]
NOTIC: [2] unlink(./Conf/logs/Temp/0/b/0bd072374c8be52c228aba5c508adedc.php): No such file or directory D:\wwwroot\wxeakecn\wwwroot\Lib\Driver\Cache\CacheFile.class.php ç¬¬ 176 è¡Œ.
NOTIC: [8] Undefined variable: word_array D:\wwwroot\wxeakecn\wwwroot\PigCms\Lib\ORG\Susceptible.class.php ç¬¬ 45 è¡Œ.
NOTIC: [8] Undefined variable: xing_array D:\wwwroot\wxeakecn\wwwroot\PigCms\Lib\ORG\Susceptible.class.php ç¬¬ 45 è¡Œ.
INFO: [ view_end ] --START--
INFO: Run ShowPageTrace Behavior [ RunTime:-0.531250s ]
INFO: [ view_end ] --END-- [ RunTime:0.000000s ]
INFO: [ app_end ] --START--
INFO: Run AccessCount Behavior [ RunTime:-0.531250s ]
INFO: [ app_end ] --END-- [ RunTime:0.000000s ]

[ 2015-11-12T18:21:05+08:00 ] 180.76.15.134 /
INFO: [ app_begin ] --START--
INFO: Run ReadHtmlCache Behavior [ RunTime:0.000000s ]
INFO: [ app_begin ] --END-- [ RunTime:0.000000s ]
NOTIC: [8] Undefined index: wx.eake.cnnomsite D:\wwwroot\wxeakecn\wwwroot\PigCms\Lib\Action\BaseAction.class.php ç¬¬ 43 è¡Œ.
NOTIC: [8] Undefined index: wx.eake.cn D:\wwwroot\wxeakecn\wwwroot\PigCms\Lib\Action\BaseAction.class.php ç¬¬ 419 è¡Œ.
NOTIC: [8] Constant STATICS already defined D:\wwwroot\wxeakecn\wwwroot\PigCms\Lib\Action\BaseAction.class.php ç¬¬ 158 è¡Œ.
NOTIC: [2] Invalid argument supplied for foreach() D:\wwwroot\wxeakecn\wwwroot\PigCms\Lib\Action\Home\IndexAction.class.php ç¬¬ 53 è¡Œ.
NOTIC: [8] Undefined variable: type D:\wwwroot\wxeakecn\wwwroot\PigCms\Lib\Action\Home\IndexAction.class.php ç¬¬ 63 è¡Œ.
NOTIC: [8] Undefined index: showNotice D:\wwwroot\wxeakecn\wwwroot\PigCms\Lib\Action\Home\IndexAction.class.php ç¬¬ 77 è¡Œ.
INFO: [ view_template ] --START--
INFO: Run LocationTemplate Behavior [ RunTime:-0.031250s ]
INFO: [ view_template ] --END-- [ RunTime:0.000000s ]
INFO: [ view_parse ] --START--
NOTIC: [8] Use of undefined constant uid - assumed 'uid' D:\wwwroot\wxeakecn\wwwroot\Conf\logs\Cache\Home\e524f0d95c205d295147669ed06b7949.php ç¬¬ 54 è¡Œ.
NOTIC: [8] Undefined index: uid D:\wwwroot\wxeakecn\wwwroot\Conf\logs\Cache\Home\e524f0d95c205d295147669ed06b7949.php ç¬¬ 54 è¡Œ.
INFO: Run ParseTemplate Behavior [ RunTime:-0.031250s ]
INFO: [ view_parse ] --END-- [ RunTime:0.015625s ]
INFO: [ view_filter ] --START--
INFO: Run ContentReplace Behavior [ RunTime:-0.046875s ]
INFO: Run TokenBuild Behavior [ RunTime:-0.046875s ]
INFO: Run WriteHtmlCache Behavior [ RunTime:-0.046875s ]
INFO: Run ShowRuntime Behavior [ RunTime:-0.046875s ]
INFO: [ view_filter ] --END-- [ RunTime:0.000000s ]
NOTIC: [2] unlink(./Conf/logs/Temp/0/b/0bd072374c8be52c228aba5c508adedc.php): No such file or directory D:\wwwroot\wxeakecn\wwwroot\Lib\Driver\Cache\CacheFile.class.php ç¬¬ 176 è¡Œ.
NOTIC: [8] Undefined variable: word_array D:\wwwroot\wxeakecn\wwwroot\PigCms\Lib\ORG\Susceptible.class.php ç¬¬ 45 è¡Œ.
NOTIC: [8] Undefined variable: xing_array D:\wwwroot\wxeakecn\wwwroot\PigCms\Lib\ORG\Susceptible.class.php ç¬¬ 45 è¡Œ.
INFO: [ view_end ] --START--
INFO: Run ShowPageTrace Behavior [ RunTime:-0.046875s ]
INFO: [ view_end ] --END-- [ RunTime:0.000000s ]
INFO: [ app_end ] --START--
INFO: Run AccessCount Behavior [ RunTime:-0.046875s ]
INFO: [ app_end ] --END-- [ RunTime:0.000000s ]

[ 2015-11-12T18:22:08+08:00 ] 66.249.79.152 /
INFO: [ app_begin ] --START--
INFO: Run ReadHtmlCache Behavior [ RunTime:0.015625s ]
INFO: [ app_begin ] --END-- [ RunTime:0.015625s ]
NOTIC: [8] Undefined index: wx.eake.cnnomsite D:\wwwroot\wxeakecn\wwwroot\PigCms\Lib\Action\BaseAction.class.php ç¬¬ 43 è¡Œ.
NOTIC: [8] Undefined index: wx.eake.cn D:\wwwroot\wxeakecn\wwwroot\PigCms\Lib\Action\BaseAction.class.php ç¬¬ 419 è¡Œ.
NOTIC: [8] Constant STATICS already defined D:\wwwroot\wxeakecn\wwwroot\PigCms\Lib\Action\BaseAction.class.php ç¬¬ 158 è¡Œ.
NOTIC: [2] Invalid argument supplied for foreach() D:\wwwroot\wxeakecn\wwwroot\PigCms\Lib\Action\Home\IndexAction.class.php ç¬¬ 53 è¡Œ.
NOTIC: [8] Undefined variable: type D:\wwwroot\wxeakecn\wwwroot\PigCms\Lib\Action\Home\IndexAction.class.php ç¬¬ 63 è¡Œ.
NOTIC: [8] Undefined index: showNotice D:\wwwroot\wxeakecn\wwwroot\PigCms\Lib\Action\Home\IndexAction.class.php ç¬¬ 77 è¡Œ.
INFO: [ view_template ] --START--
INFO: Run LocationTemplate Behavior [ RunTime:-0.015625s ]
INFO: [ view_template ] --END-- [ RunTime:0.000000s ]
INFO: [ view_parse ] --START--
NOTIC: [8] Use of undefined constant uid - assumed 'uid' D:\wwwroot\wxeakecn\wwwroot\Conf\logs\Cache\Home\e524f0d95c205d295147669ed06b7949.php ç¬¬ 54 è¡Œ.
NOTIC: [8] Undefined index: uid D:\wwwroot\wxeakecn\wwwroot\Conf\logs\Cache\Home\e524f0d95c205d295147669ed06b7949.php ç¬¬ 54 è¡Œ.
INFO: Run ParseTemplate Behavior [ RunTime:-0.015625s ]
INFO: [ view_parse ] --END-- [ RunTime:0.015625s ]
INFO: [ view_filter ] --START--
INFO: Run ContentReplace Behavior [ RunTime:-0.031250s ]
INFO: Run TokenBuild Behavior [ RunTime:-0.031250s ]
INFO: Run WriteHtmlCache Behavior [ RunTime:-0.031250s ]
INFO: Run ShowRuntime Behavior [ RunTime:-0.031250s ]
INFO: [ view_filter ] --END-- [ RunTime:0.000000s ]
NOTIC: [2] unlink(./Conf/logs/Temp/0/b/0bd072374c8be52c228aba5c508adedc.php): No such file or directory D:\wwwroot\wxeakecn\wwwroot\Lib\Driver\Cache\CacheFile.class.php ç¬¬ 176 è¡Œ.
NOTIC: [8] Undefined variable: word_array D:\wwwroot\wxeakecn\wwwroot\PigCms\Lib\ORG\Susceptible.class.php ç¬¬ 45 è¡Œ.
NOTIC: [8] Undefined variable: xing_array D:\wwwroot\wxeakecn\wwwroot\PigCms\Lib\ORG\Susceptible.class.php ç¬¬ 45 è¡Œ.
INFO: [ view_end ] --START--
INFO: Run ShowPageTrace Behavior [ RunTime:-0.046875s ]
INFO: [ view_end ] --END-- [ RunTime:0.000000s ]
INFO: [ app_end ] --START--
INFO: Run AccessCount Behavior [ RunTime:-0.046875s ]
INFO: [ app_end ] --END-- [ RunTime:0.000000s ]

[ 2015-11-12T20:36:26+08:00 ] 220.181.108.155 /index.php?g=Home&m=Index&a=login
INFO: [ app_begin ] --START--
INFO: Run ReadHtmlCache Behavior [ RunTime:0.000000s ]
INFO: [ app_begin ] --END-- [ RunTime:0.000000s ]
NOTIC: [8] Undefined index: wx.eake.cnnomsite D:\wwwroot\wxeakecn\wwwroot\PigCms\Lib\Action\BaseAction.class.php ç¬¬ 43 è¡Œ.
NOTIC: [8] Undefined index: wx.eake.cn D:\wwwroot\wxeakecn\wwwroot\PigCms\Lib\Action\BaseAction.class.php ç¬¬ 419 è¡Œ.
NOTIC: [8] Constant STATICS already defined D:\wwwroot\wxeakecn\wwwroot\PigCms\Lib\Action\BaseAction.class.php ç¬¬ 158 è¡Œ.
NOTIC: [2] Invalid argument supplied for foreach() D:\wwwroot\wxeakecn\wwwroot\PigCms\Lib\Action\Home\IndexAction.class.php ç¬¬ 53 è¡Œ.
NOTIC: [8] Undefined variable: type D:\wwwroot\wxeakecn\wwwroot\PigCms\Lib\Action\Home\IndexAction.class.php ç¬¬ 63 è¡Œ.
INFO: [ view_template ] --START--
INFO: Run LocationTemplate Behavior [ RunTime:-0.156250s ]
INFO: [ view_template ] --END-- [ RunTime:0.046875s ]
INFO: [ view_parse ] --START--
INFO: Run ParseTemplate Behavior [ RunTime:-0.203125s ]
INFO: [ view_parse ] --END-- [ RunTime:0.078125s ]
INFO: [ view_filter ] --START--
INFO: Run ContentReplace Behavior [ RunTime:-0.281250s ]
INFO: Run TokenBuild Behavior [ RunTime:-0.281250s ]
INFO: Run WriteHtmlCache Behavior [ RunTime:-0.281250s ]
INFO: Run ShowRuntime Behavior [ RunTime:-0.296875s ]
INFO: [ view_filter ] --END-- [ RunTime:0.015625s ]
NOTIC: [2] unlink(./Conf/logs/Temp/0/b/0bd072374c8be52c228aba5c508adedc.php): No such file or directory D:\wwwroot\wxeakecn\wwwroot\Lib\Driver\Cache\CacheFile.class.php ç¬¬ 176 è¡Œ.
NOTIC: [8] Undefined variable: word_array D:\wwwroot\wxeakecn\wwwroot\PigCms\Lib\ORG\Susceptible.class.php ç¬¬ 45 è¡Œ.
NOTIC: [8] Undefined variable: xing_array D:\wwwroot\wxeakecn\wwwroot\PigCms\Lib\ORG\Susceptible.class.php ç¬¬ 45 è¡Œ.
INFO: [ view_end ] --START--
INFO: Run ShowPageTrace Behavior [ RunTime:-0.406250s ]
INFO: [ view_end ] --END-- [ RunTime:0.000000s ]
INFO: [ app_end ] --START--
INFO: Run AccessCount Behavior [ RunTime:-0.406250s ]
INFO: [ app_end ] --END-- [ RunTime:0.015625s ]

[ 2015-11-12T20:47:24+08:00 ] 157.55.39.186 /
INFO: [ app_begin ] --START--
INFO: Run ReadHtmlCache Behavior [ RunTime:0.000000s ]
INFO: [ app_begin ] --END-- [ RunTime:0.000000s ]
NOTIC: [8] Undefined index: wx.eake.cnnomsite D:\wwwroot\wxeakecn\wwwroot\PigCms\Lib\Action\BaseAction.class.php ç¬¬ 43 è¡Œ.
NOTIC: [8] Undefined index: wx.eake.cn D:\wwwroot\wxeakecn\wwwroot\PigCms\Lib\Action\BaseAction.class.php ç¬¬ 419 è¡Œ.
NOTIC: [8] Constant STATICS already defined D:\wwwroot\wxeakecn\wwwroot\PigCms\Lib\Action\BaseAction.class.php ç¬¬ 158 è¡Œ.
NOTIC: [2] Invalid argument supplied for foreach() D:\wwwroot\wxeakecn\wwwroot\PigCms\Lib\Action\Home\IndexAction.class.php ç¬¬ 53 è¡Œ.
NOTIC: [8] Undefined variable: type D:\wwwroot\wxeakecn\wwwroot\PigCms\Lib\Action\Home\IndexAction.class.php ç¬¬ 63 è¡Œ.
NOTIC: [8] Undefined index: showNotice D:\wwwroot\wxeakecn\wwwroot\PigCms\Lib\Action\Home\IndexAction.class.php ç¬¬ 77 è¡Œ.
INFO: [ view_template ] --START--
INFO: Run LocationTemplate Behavior [ RunTime:-0.250000s ]
INFO: [ view_template ] --END-- [ RunTime:0.000000s ]
INFO: [ view_parse ] --START--
NOTIC: [8] Use of undefined constant uid - assumed 'uid' D:\wwwroot\wxeakecn\wwwroot\Conf\logs\Cache\Home\e524f0d95c205d295147669ed06b7949.php ç¬¬ 54 è¡Œ.
NOTIC: [8] Undefined index: uid D:\wwwroot\wxeakecn\wwwroot\Conf\logs\Cache\Home\e524f0d95c205d295147669ed06b7949.php ç¬¬ 54 è¡Œ.
INFO: Run ParseTemplate Behavior [ RunTime:-0.250000s ]
INFO: [ view_parse ] --END-- [ RunTime:0.062500s ]
INFO: [ view_filter ] --START--
INFO: Run ContentReplace Behavior [ RunTime:-0.312500s ]
INFO: Run TokenBuild Behavior [ RunTime:-0.312500s ]
INFO: Run WriteHtmlCache Behavior [ RunTime:-0.312500s ]
INFO: Run ShowRuntime Behavior [ RunTime:-0.312500s ]
INFO: [ view_filter ] --END-- [ RunTime:0.000000s ]
NOTIC: [2] unlink(./Conf/logs/Temp/0/b/0bd072374c8be52c228aba5c508adedc.php): No such file or directory D:\wwwroot\wxeakecn\wwwroot\Lib\Driver\Cache\CacheFile.class.php ç¬¬ 176 è¡Œ.
NOTIC: [8] Undefined variable: word_array D:\wwwroot\wxeakecn\wwwroot\PigCms\Lib\ORG\Susceptible.class.php ç¬¬ 45 è¡Œ.
NOTIC: [8] Undefined variable: xing_array D:\wwwroot\wxeakecn\wwwroot\PigCms\Lib\ORG\Susceptible.class.php ç¬¬ 45 è¡Œ.
INFO: [ view_end ] --START--
INFO: Run ShowPageTrace Behavior [ RunTime:-0.312500s ]
INFO: [ view_end ] --END-- [ RunTime:0.000000s ]
INFO: [ app_end ] --START--
INFO: Run AccessCount Behavior [ RunTime:-0.312500s ]
INFO: [ app_end ] --END-- [ RunTime:0.000000s ]

